<?xml version="1.0" encoding="UTF-8"?>
<testng-results ignored="0" total="2" passed="2" failed="0" skipped="0">
  <reporter-output>
  </reporter-output>
  <suite started-at="2023-07-07T18:32:51 IST" name="Suite" finished-at="2023-07-07T18:33:27 IST" duration-ms="36409">
    <groups>
    </groups>
    <test started-at="2023-07-07T18:32:51 IST" name="Test" finished-at="2023-07-07T18:33:27 IST" duration-ms="36409">
      <class name="drshethstest.Drshethsaddtocarttest">
        <test-method is-config="true" signature="setup()[pri:0, instance:drshethstest.Drshethsaddtocarttest@7b36aa0c]" started-at="2023-07-07T18:32:51 IST" name="setup" finished-at="2023-07-07T18:32:57 IST" duration-ms="6783" status="PASS">
          <reporter-output>
          </reporter-output>
        </test-method> <!-- setup -->
        <test-method signature="test()[pri:0, instance:drshethstest.Drshethsaddtocarttest@7b36aa0c]" started-at="2023-07-07T18:33:18 IST" name="test" finished-at="2023-07-07T18:33:27 IST" duration-ms="8861" status="PASS">
          <reporter-output>
          </reporter-output>
        </test-method> <!-- test -->
      </class> <!-- drshethstest.Drshethsaddtocarttest -->
      <class name="drshethstest.Drshethscreateaccounttest">
        <test-method is-config="true" signature="setup()[pri:0, instance:drshethstest.Drshethscreateaccounttest@a38c7fe]" started-at="2023-07-07T18:32:57 IST" name="setup" finished-at="2023-07-07T18:33:03 IST" duration-ms="5689" status="PASS">
          <reporter-output>
          </reporter-output>
        </test-method> <!-- setup -->
        <test-method signature="testing()[pri:0, instance:drshethstest.Drshethscreateaccounttest@a38c7fe]" started-at="2023-07-07T18:33:03 IST" name="testing" finished-at="2023-07-07T18:33:18 IST" duration-ms="15033" status="PASS">
          <reporter-output>
          </reporter-output>
        </test-method> <!-- testing -->
      </class> <!-- drshethstest.Drshethscreateaccounttest -->
    </test> <!-- Test -->
  </suite> <!-- Suite -->
</testng-results>
